Reflect.ownKeys(j); = ["0","1","2","3","length"]Reflect.ownKeys(Color); = ["length","name","prototype"]Reflect.ownKeys(Color); = ["length","name","prototype"]Reflect.ownKeys(Date); = ["length","name","prototype","parse","UTC","now"]Reflect.ownKeys(DateTime); = ["length","name","prototype"]Reflect.ownKeys(TimeSpan); = ["length","name","prototype"]Reflect.ownKeys(timeDifference); = ["length","name","prototype","arguments","caller"]pickColor = undefinedpickColor() = "Color.FromArgb(9, 27, 255); | #091bff | 9; 27; 255"pickColor() = "Color.FromArgb(45, 61, 255); | #2d3dff | 45; 61; 255"Form.FastResult = undefinedReflect.ownKeys(Form) = ["AcceptButton","ActiveMdiChild","AllowTransparency","AutoScale","AutoScaleBaseSize","AutoScroll","AutoSize","AutoSizeMode","AutoValidate","BackColor","FormBorderStyle","CancelButton","ClientSize","ControlBox","DesktopBounds","DesktopLocation","DialogResult","HelpButton","Icon","IsMdiChild","IsMdiContainer","IsRestrictedWindow","KeyPreview","Location","MaximumSize","MainMenuStrip","Margin","MinimumSize","MaximizeBox","MdiChildren","MdiChildrenMinimizedAnchorBottom","MdiParent","MinimizeBox","Modal","Opacity","OwnedForms","Owner","RestoreBounds","RightToLeftLayout","ShowInTaskbar","ShowIcon","Size","SizeGripStyle","StartPosition","TabIndex","TabStop","Text","TopLevel","TopMost","TransparencyKey","WindowState","AutoScaleDimensions","AutoScaleMode","BindingContext","ActiveControl","CurrentAutoScaleDimensions","ParentForm","AutoScrollMargin","AutoScrollPosition","AutoScrollMinSize","DisplayRectangle","HorizontalScroll","VerticalScroll","DockPadding","AccessibilityObject","AccessibleDefaultActionDescription","AccessibleDescription","AccessibleName","AccessibleRole","AllowDrop","Anchor","AutoScrollOffset","LayoutEngine","BackgroundImage","BackgroundImageLayout","Bottom","Bounds","CanFocus","CanSelect","Capture","CausesValidation","ClientRectangle","CompanyName","ContainsFocus","ContextMenuStrip","Controls","Created","Cursor","DataBindings","DeviceDpi","IsDisposed","Disposing","Dock","Enabled","Focused","Font","ForeColor","Handle","HasChildren","Height","IsHandleCreated","InvokeRequired","IsAccessible","IsAncestorSiteInDesignMode","IsMirrored","Left","Name","Parent","ProductName","ProductVersion","RecreatingHandle","Region","Right","RightToLeft","Site","Tag","Top","TopLevelControl","UseWaitCursor","Visible","Width","WindowTarget","PreferredSize","Padding","ImeMode","Container"]03-09-2022 19:00:45.058628 | Reflect.ownKeys(Form.FastResult) = ["AutoCompleteBracketsList","AutoCompleteBrackets","ServiceColors","FoldedBlocks","BracketsHighlightStrategy","WordWrapAutoIndent","WordWrapIndent","MacrosManager","AllowDrop","Hints","ToolTipDelay","ToolTip","BookmarkColor","Bookmarks","VirtualSpace","FindEndOfFoldingBlockStrategy","AcceptsTab","AcceptsReturn","CaretVisible","CaretBlinking","ShowCaretWhenInactive","TextAreaBorderColor","TextAreaBorder","CurrentLineColor","ChangedLineColor","ForeColor","CharHeight","LineInterval","CharWidth","TabLength","IsChanged","TextVersion","ReadOnly","ShowLineNumbers","ShowFoldingLines","TextAreaRect","LineNumberColor","LineNumberStartValue","LineNumberFormatting","IndentBackColor","PaddingBackColor","DisabledColor","CaretColor","WideCaret","ServiceLinesColor","Paddings","Padding","RightToLeft","FoldingIndicatorColor","HighlightFoldingIndicator","LeftIndent","LeftPadding","PreferredLineWidth","Styles","Hotkeys","HotkeysMapping","DefaultStyle","SelectionStyle","FoldedBlockStyle","BracketsStyle","BracketsStyle2","LeftBracket","RightBracket","LeftBracket2","RightBracket2","CommentPrefix","HighlightingRangeType","IsReplaceMode","AllowSeveralTextStyleDrawing","AllowMacroRecording","AutoIndent","AutoIndentExistingLines","DelayedEventsInterval","DelayedTextChangedInterval","Language","SyntaxHighlighter","DescriptionFile","LeftBracketPosition","RightBracketPosition","LeftBracketPosition2","RightBracketPosition2","StartFoldingLine","EndFoldingLine","TextSource","HasSourceTextBox","SourceTextBox","VisibleRange","Selection","BackColor","BackBrush","ShowScrollBars","Multiline","WordWrap","WordWrapMode","SelectionHighlightingForLineBreaksEnabled","findForm","replaceForm","AutoScroll","LinesCount","Text","TextLength","Lines","Html","Rtf","SelectedText","SelectionStart","SelectionLength","Font","AutoScrollMinSize","ImeAllowed","UndoEnabled","RedoEnabled","Range","SelectionColor","Cursor","ReservedCountOfLineNumberChars","AutoIndentChars","AutoIndentCharsPatterns","Zoom","AutoSize","AutoSizeMode","AutoValidate","BorderStyle","AutoScaleDimensions","AutoScaleMode","BindingContext","ActiveControl","CurrentAutoScaleDimensions","ParentForm","AutoScrollMargin","AutoScrollPosition","DisplayRectangle","HorizontalScroll","VerticalScroll","DockPadding","AccessibilityObject","AccessibleDefaultActionDescription","AccessibleDescription","AccessibleName","AccessibleRole","Anchor","AutoScrollOffset","LayoutEngine","BackgroundImage","BackgroundImageLayout","Bottom","Bounds","CanFocus","CanSelect","Capture","CausesValidation","ClientRectangle","ClientSize","CompanyName","ContainsFocus","ContextMenuStrip","Controls","Created","DataBindings","DeviceDpi","IsDisposed","Disposing","Dock","Enabled","Focused","Handle","HasChildren","Height","IsHandleCreated","InvokeRequired","IsAccessible","IsAncestorSiteInDesignMode","IsMirrored","Left","Location","Margin","MaximumSize","MinimumSize","Name","Parent","ProductName","ProductVersion","RecreatingHandle","Region","Right","RightToLeft","Site","Size","TabIndex","TabStop","Tag","Top","TopLevelControl","UseWaitCursor","Visible","Width","WindowTarget","PreferredSize","ImeMode","Container","LineInfos","TextHeight","AllowInsertRemoveLines"]
03-09-2022 19:01:12.346768 | Form.FastResult.Text + ' - ' /*+ Reflect.ownKeys()*/ = "[Error at 2, 75] Unexpected end of input - "
03-09-2022 19:01:24.342809 | Form.FastResult.Text = "\"[Error at 2, 75] Unexpected end of input - \""
03-09-2022 19:01:26.418966 | Form.FastResult.Text = "[Error at 1, 24] Unexpected identifier"
03-09-2022 19:01:26.751463 | Form.FastResult.Text = "\"[Error at 1, 24] Unexpected identifier\""
03-09-2022 19:01:27.223739 | Form.FastResult.Text = "[Error at 1, 24] Unexpected identifier"
03-09-2022 19:01:27.411024 | Form.FastResult.Text = "\"[Error at 1, 24] Unexpected identifier\""
03-09-2022 19:01:27.760603 | Form.FastResult.Text = "[Error at 1, 24] Unexpected identifier"
03-09-2022 19:01:27.919873 | Form.FastResult.Text = "\"[Error at 1, 24] Unexpected identifier\""
03-09-2022 19:01:28.260579 | Form.FastResult.Text = "[Error at 1, 24] Unexpected identifier"
03-09-2022 19:01:28.420864 | Form.FastResult.Text = "\"[Error at 1, 24] Unexpected identifier\""
03-09-2022 19:01:28.775414 | Form.FastResult.Text = "[Error at 1, 24] Unexpected identifier"
03-09-2022 19:01:29.130622 | Form.FastResult.Text = "\"[Error at 1, 24] Unexpected identifier\""
03-09-2022 19:01:29.679687 | Form.FastResult.Text = "[Error at 1, 24] Unexpected identifier"
03-09-2022 19:01:29.910888 | Form.FastResult.Text = "\"[Error at 1, 24] Unexpected identifier\""
03-09-2022 19:01:30.345990 | Form.FastResult.Text = "[Error at 1, 24] Unexpected identifier"
03-09-2022 19:01:30.532402 | Form.FastResult.Text = "\"[Error at 1, 24] Unexpected identifier\""
03-09-2022 19:01:30.857973 | Form.FastResult.Text = "[Error at 1, 24] Unexpected identifier"
03-09-2022 19:01:31.033573 | Form.FastResult.Text = "\"[Error at 1, 24] Unexpected identifier\""
03-09-2022 19:01:31.351308 | Form.FastResult.Text = "[Error at 1, 24] Unexpected identifier"
03-09-2022 19:01:31.504102 | Form.FastResult.Text = "\"[Error at 1, 24] Unexpected identifier\""
03-09-2022 19:01:37.344655 | Form.FastResult.BackgroundColor = undefined
03-09-2022 19:01:42.294110 | Form.FastResult.BackColor = "46, 49, 54"
03-09-2022 19:03:21.299393 |  = undefined
03-09-2022 19:03:26.768488 | CaptureSelection() = undefined
03-09-2022 19:04:07.781282 | CaptureSelection() = undefined
03-09-2022 19:04:10.925775 | CaptureSelection() = undefined
03-09-2022 19:04:52.499199 | CaptureSelection() = undefined
03-09-2022 19:08:04.961308 | Form.FastResult.SelectionChanged = undefined
03-09-2022 19:08:37.971098 | Form.FastResult.SelectionChanged = undefined
03-09-2022 19:08:42.118298 | CaptureSelection() = undefined
03-09-2022 19:08:48.871667 | CaptureSelection() = undefined
03-09-2022 19:08:50.052225 | CaptureSelection() = undefined
03-09-2022 19:11:18.091744 | CaptureSelection() = undefined
03-09-2022 19:11:23.628415 | CaptureSelection() = undefined
03-09-2022 19:11:25.166798 | CaptureSelection() = undefined
03-09-2022 19:11:31.459254 | CaptureSelection() = undefined
03-09-2022 19:11:33.010227 | CaptureSelection() = undefined
03-09-2022 20:00:22.505705 | CaptureSelection() = undefined
03-09-2022 20:02:54.016974 | CaptureSelection() = undefined
03-09-2022 20:03:00.647113 | LoadExtraButtons() = null
03-09-2022 20:03:19.349156 | LoadExtraButtons() = null
03-09-2022 20:03:23.269063 | LoadExtraButtons() = null
03-09-2022 20:03:29.362183 | LoadExtraButtons() = null
03-09-2022 20:07:33.851634 | Math.pow = undefined
03-09-2022 20:07:36.963737 | Math.pow(3,2) = 9
03-09-2022 20:07:40.496634 | Math.pow(2,3) = 8
03-09-2022 20:08:10.937956 | LoadExtraButtons() = null
03-09-2022 20:08:11.960047 | LoadExtraButtons() = null
03-09-2022 20:08:15.947528 | LoadExtraButtons() = null
03-09-2022 20:08:21.613253 | LoadExtraButtons() = null
03-09-2022 20:08:24.809620 | LoadExtraButtons() = null
03-09-2022 20:10:13.852702 | LoadExtraButtons() = null
03-09-2022 20:10:19.802419 | LoadExtraButtons() = null
03-09-2022 20:10:30.496301 | LoadExtraButtons() = null
03-09-2022 20:12:11.336773 | LoadExtraButtons() = null
03-09-2022 20:13:08.847363 | printTime(1056) = "17 minutes, 36 seconds"
03-09-2022 20:13:13.865704 | printTime(1056.55) = "17 minutes, 36 seconds"
03-09-2022 20:16:01.295485 | printTime(1056.55) = "17 minutes, 36 seconds"
03-09-2022 20:16:32.880271 | printTime(1056.55) = "17 minutes, 36 seconds"
03-09-2022 20:16:36.529309 | printTime(1056.55) = "17 minutes, 36 seconds"
03-09-2022 20:29:56.399366 | printTime(1056.55) = "17 minutes, 36 seconds"
03-09-2022 20:31:26.987602 | printTime(1056.55) = "17 minutes, 36 seconds 1056.55"
03-09-2022 20:33:03.584635 | printTime(1056.55) = "17 minutes, 36 seconds550 milliseconds"
03-09-2022 20:33:40.564828 | printTime(60*60*24) = "1 day, "
03-09-2022 20:34:29.587736 | printTime(60*60*24) = "1 day, , , , "
03-09-2022 20:34:56.882883 | printTime(60*60*24) = "1 day"
03-09-2022 20:35:01.368560 | printTime(60*60*24+1) = "1 day, 1 second"
03-09-2022 20:35:05.036829 | printTime(60*60*24+1+0.5) = "1 day, 1 second, 500 milliseconds"
03-09-2022 20:35:09.353220 | printTime(60*60*24+1+0.05) = "1 day, 1 second, 50 milliseconds"
03-09-2022 20:35:10.939867 | printTime(60*60*24+1+0.005) = "1 day, 1 second, 5 milliseconds"
03-09-2022 20:35:12.344826 | printTime(60*60*24+1+0.5) = "1 day, 1 second, 500 milliseconds"
03-09-2022 20:35:13.635935 | printTime(60*60*24+1+0.005) = "1 day, 1 second, 5 milliseconds"
03-09-2022 20:35:14.615386 | printTime(60*60*24+1+0.0005) = "1 day, 1 second"
03-09-2022 20:35:16.016487 | printTime(60*60*24+1+0.005) = "1 day, 1 second, 5 milliseconds"
03-09-2022 20:38:08.538338 | k = 60*60*24+1+0.005; printTime(k); = 86401.005
03-09-2022 20:38:39.952124 | printTime(60*60*24+1+0.005)  + " " + 60*60*24+1+0.005 = "1 day, 1 second, 5 milliseconds 8640010.005"
03-09-2022 20:38:48.346961 | printTime(8640010.005)  + " " + 60*60*24+1+0.005 = "100 days, 10 seconds, 5 milliseconds 8640010.005"
03-09-2022 20:38:58.812662 | printTime(60*60*24+1+0.005)  + " " + 60*60*24+1+0.005 = "1 day, 1 second, 5 milliseconds 8640010.005"
03-09-2022 20:39:05.672185 | printTime(8640010.005)  + " " + 60*60*24+1+0.005 = "100 days, 10 seconds, 5 milliseconds 8640010.005"
03-09-2022 20:39:10.857779 | printTime(8640010)  + " " + 60*60*24+1+0.005 = "100 days, 10 seconds 8640010.005"
03-09-2022 20:39:20.471830 | printTime(864001.005)  + " " + 60*60*24+1+0.005 = "10 days, 1 second, 5 milliseconds 8640010.005"
03-09-2022 20:39:21.768645 | printTime(86400.005)  + " " + 60*60*24+1+0.005 = "1 day, 5 milliseconds 8640010.005"
03-09-2022 20:39:33.740808 | printTime(86400.005)  + " asd " + 60*60*24+1+0.005 = "1 day, 5 milliseconds asd 8640010.005"
03-09-2022 20:39:43.038174 | printTime(86400.005)  + " asd " + (60*60*24+1+0.005) = "1 day, 5 milliseconds asd 86401.005"
03-09-2022 20:40:37.422092 | printTime(86401.005)  + " asd " + (60*60*24+1+0.005) = "1 day, 1 second, 5 milliseconds asd 86401.005"
03-09-2022 20:40:41.383955 | printTime(86401.005) = "1 day, 1 second, 5 milliseconds"
03-09-2022 20:40:55.477836 | printTime(86401.005) = "1 day, 1 second, 5 milliseconds"
03-09-2022 20:41:00.233541 | LoadExtraButtons() = null
03-09-2022 20:46:03.425497 | LoadExtraButtons() = null
04-09-2022 10:23:23.227670 | CaptureSelection() = undefined
04-09-2022 10:23:28.456893 | CaptureSelection() = undefined
04-09-2022 10:23:29.964403 | CaptureSelection() = undefined
04-09-2022 10:23:32.322677 | CaptureSelection() = undefined
04-09-2022 10:23:33.661640 | CaptureSelection() = undefined
04-09-2022 10:23:47.936120 | CaptureSelection() = undefined
04-09-2022 10:23:48.236748 | CaptureSelection() = undefined
04-09-2022 10:23:48.671024 | CaptureSelection() = undefined
04-09-2022 10:23:48.976254 | CaptureSelection() = undefined
04-09-2022 10:24:24.288536 | CaptureSelection() = undefined
04-09-2022 10:28:49.159432 | CaptureSelection() = undefined
04-09-2022 10:30:40.809384 | CaptureSelection() = undefined
04-09-2022 10:30:42.590654 | CaptureSelection() = undefined
04-09-2022 10:30:59.277366 | CaptureSelection() = undefined
04-09-2022 10:38:28.102645 | ("").padStart = undefined
04-09-2022 10:38:29.374611 | ("").padStart() = ""
04-09-2022 10:38:32.720722 | (" bla").padStart() = " bla"
04-09-2022 10:38:38.701858 | (" bla ").padStart() = " bla "
04-09-2022 10:38:42.638050 | (" bla ").padStart(" ") = " bla "
04-09-2022 10:38:43.816498 | (" bla ").padStart(" ") = " bla "
04-09-2022 10:38:45.050183 | (" bla ").padStart("_") = " bla "
04-09-2022 10:38:48.547330 | ("____bla ").padStart("_") = "____bla "
04-09-2022 10:38:56.253393 | "____bla ".padStart("_") = "____bla "
04-09-2022 10:40:48.447945 | "____bla ".padstart = undefined
04-09-2022 10:40:54.416690 | "____bla ".padStart() = "____bla "
04-09-2022 10:47:17.826162 |  = undefined
04-09-2022 10:48:15.838646 | Math.random() = 0.12948331134916824
04-09-2022 10:48:16.386389 | Math.random() = 0.43173291522967117
04-09-2022 10:48:16.564912 | Math.random() = 0.6386964277144285
04-09-2022 10:48:16.712514 | Math.random() = 0.010929380116902365
04-09-2022 10:48:16.856191 | Math.random() = 0.9251987665413477
04-09-2022 10:48:16.995721 | Math.random() = 0.29687393191293676
04-09-2022 10:48:17.139339 | Math.random() = 0.8042531460520537
04-09-2022 10:48:17.291655 | Math.random() = 0.7066664747227753
04-09-2022 10:52:21.565320 | Math.random() = 0.483788352942099
04-09-2022 10:52:24.750249 | LoadExtraButtons() = null
04-09-2022 10:53:38.057783 | LoadExtraButtons() = null
04-09-2022 10:53:40.691133 | LoadExtraButtons() = null
04-09-2022 10:53:43.455464 | LoadExtraButtons() = null
04-09-2022 10:58:33.371731 | [10, 15, 99] = [10,15,99]
04-09-2022 10:58:35.942429 | [10, 15, 99].hex() = ["a","f","63"]
04-09-2022 10:58:46.245989 | [10, 15, 99].hex("3") = ["00a","00f","063"]
04-09-2022 10:58:52.526566 | [10, 15, 99].hex("3", "0x") = ["0x00a","0x00f","0x063"]
04-09-2022 10:59:01.345516 | [10, 15, 99].hex("6", "0x") = ["0x00000a","0x00000f","0x000063"]
04-09-2022 11:01:04.438036 | [10, 15, 99].hex("2", "0x") = ["0x0a","0x0f","0x63"]
04-09-2022 11:01:12.556820 | [10, 15, 99].hex(2, "0x") = ["0x0a","0x0f","0x63"]
04-09-2022 11:12:00.325415 | [10, 15, 99].hex(2, "0x") = ["0x0a","0x0f","0x63"]
04-09-2022 11:12:04.745889 | LoadExtraButtons() = null
04-09-2022 11:12:13.250539 | LoadExtraButtons() = null
04-09-2022 11:12:44.771452 | LoadExtraButtons() = null
04-09-2022 11:14:03.991611 | LoadExtraButtons() = null
04-09-2022 11:18:58.166111 | LoadExtraButtons() = null
04-09-2022 11:20:54.744220 | LoadExtraButtons() = null
04-09-2022 11:21:46.291431 | LoadExtraButtons() = null
04-09-2022 11:22:07.398118 | SetFormBackgroundColor() = "TableButtonExtraLayout CustomTabControl FastResult FastCalculation TableButtonLayout customMenuStrip1 "
04-09-2022 11:28:37.963853 | SetFormBackgroundColor() = "TableButtonExtraLayout CustomTabControl FastResult FastCalculation TableButtonLayout customMenuStrip1 "
04-09-2022 11:28:56.514333 | [5,10,1,6,8,3,4] = [5,10,1,6,8,3,4]
04-09-2022 11:28:59.234155 | [5,10,1,6,8,3,4].sort() = [1,10,3,4,5,6,8]
04-09-2022 11:29:01.584991 | [5,10,1,6,8,3,4].sort() = [1,10,3,4,5,6,8]
04-09-2022 11:29:11.933760 | [5,10,1,6,8,3,4].sort((a, b) => a - b) = [1,3,4,5,6,8,10]
04-09-2022 11:29:24.501509 | [5,10,1,6,8,3,4].median = undefined
04-09-2022 11:29:26.340467 | [5,10,1,6,8,3,4].median() = 5
04-09-2022 11:29:40.383139 | [5,10,1,6,8,3].median() = 5.5
04-09-2022 11:29:43.604542 | [5,10,1,6,8,3,4].median() = 5
04-09-2022 11:43:26.868027 | [5,10,1,6,8,3,4].median() = 5
04-09-2022 11:43:51.354505 | fun() = [true]
04-09-2022 11:44:03.026945 | fun() = [true,true]
04-09-2022 11:44:18.873500 | fun() = [true,true,false]
04-09-2022 11:44:49.071440 | fun() = [true,true,true,false]
04-09-2022 11:46:12.178413 | fun() = [true]
04-09-2022 11:46:14.908416 | fun() = [true,false]
04-09-2022 11:49:10.573841 | fun() = [true,false,false]
04-09-2022 11:50:44.656998 | fun() = undefined
04-09-2022 11:51:31.477681 | fun() = "banana"
04-09-2022 12:08:07.733560 | fun() = "banana"
04-09-2022 12:19:12.328251 | fun()  = "banana"
04-09-2022 12:19:18.406354 | "what".stupify() = "what"
04-09-2022 12:23:54.104501 | "what".stupify() = ["W","h","A","t"]
04-09-2022 12:23:59.895995 | "what".stupify() = "W,h,A,t"
04-09-2022 12:24:03.459013 | "what".stupify() = "WhAt"
04-09-2022 12:24:13.679340 | "what".stupify() = "wHaT"
04-09-2022 12:24:23.364369 | "what the hell is this supposed to be".stupify() = "wHaT ThE HeLl iS ThIs sUpPoSeD To bE"
04-09-2022 12:24:53.646788 | "what the hell is this supposed to be".stupify() = "wHaT ThE HeLl iS ThIs sUpPoSeD To bE"
04-09-2022 12:24:55.580134 | "what the hell is this supposed to be".stupify() = "wHaT ThE HeLl iS ThIs sUpPoSeD To bE"
04-09-2022 12:25:09.699473 | "what the hell is this supposed to be".stupify() = "wHaT ThE HeLl iS ThIs sUpPoSeD To bE"
04-09-2022 12:25:10.597439 | "what the hell is this supposed to be".stupify() = "wHaT ThE HeLl iS ThIs sUpPoSeD To bE"
04-09-2022 12:25:14.295304 | "what the hell is this supposed to be".stupify() = "WhAt tHe hElL Is tHiS SuPpOsEd tO Be"
04-09-2022 12:25:16.273603 | "what the hell is this supposed to be".stupify() = "wHaT ThE HeLl iS ThIs sUpPoSeD To bE"
04-09-2022 12:26:13.031513 | "what the hell is this supposed to be".stupify() = "wHaT tHe HeLl Is ThIs SuPpOsEd To Be"
04-09-2022 12:26:15.937507 | "what the hell is this supposed to be".stupify() = "wHaT tHe HeLl Is ThIs SuPpOsEd To Be"
04-09-2022 12:26:29.746036 | "what the hell is, this supposed to be".stupify() = "wHaT tHe HeLl Is, tHiS sUpPoSeD tO bE"
04-09-2022 12:26:44.399263 | "what the hell is, this supposed to be".stupify() = "wHaT tHe HeLl Is, tHiS sUpPoSeD tO bE"
04-09-2022 12:26:47.370889 | "what the hell is, this Supposed to be".stupify() = "wHaT tHe HeLl Is, tHiS sUpPoSeD tO bE"
04-09-2022 12:26:55.735966 | "what the hell is, this Supposed to be".stupify() = "wHaT tHe HeLl Is, tHiS sUpPoSeD tO bE"
04-09-2022 12:27:01.452823 | "what the hell is, this Supposed to be".stupify() = "wHaT tHe HeLl Is, tHiS sUpPoSeD tO bE"
04-09-2022 12:53:00.435829 | "what the hell is, this Supposed to be".stupify() = "wHaT tHe HeLl Is, tHiS sUpPoSeD tO bE"
04-09-2022 12:53:59.339936 | Mathd.sin(90) = 1
04-09-2022 12:54:09.664540 | Mathd.sin(90) = 1
04-09-2022 12:54:11.396569 | Mathd.sin(90) = 1
04-09-2022 12:54:28.023264 | Mathd.sin(Mathd.asin(1)) = 1
04-09-2022 12:54:29.882488 | Mathd.sin(Mathd.asin(1)) = 1
04-09-2022 12:54:32.221141 | Mathd.sin(Mathd.asin(2)) = null
04-09-2022 12:54:36.646881 | Mathd.sin(Mathd.asin(0.5)) = 0.5
04-09-2022 12:54:41.387067 | Mathd.sin(Mathd.asin(0.53333)) = 0.5333299999999999
04-09-2022 12:55:49.060484 | Math.asin(90) = null
04-09-2022 12:56:02.281058 | Math.asin(0.5) = 0.5235987755982989
04-09-2022 12:56:04.800980 | Math.asin(0.7) = 0.775397496610753
04-09-2022 12:56:05.597212 | Math.asin(0.7) = 0.775397496610753
04-09-2022 12:58:56.395156 | Math.asin(0.7) = 0.775397496610753
04-09-2022 20:31:23.040538 | Math.asin(0.7) = 0.775397496610753
04-09-2022 20:31:29.164001 |  = undefined
04-09-2022 20:45:32.061770 |  = undefined
04-09-2022 20:48:44.464385 | Reflect.ownKeys(PLC) = ["convertTime"]
04-09-2022 20:48:49.237232 | Reflect.ownKeys(Mathd) = ["sin","cos","tan","asin","acos","atan"]
04-09-2022 20:48:51.419301 | Reflect.ownKeys(Mathd) = ["sin","cos","tan","asin","acos","atan"]
04-09-2022 20:53:45.897273 | Reflect.ownKeys([Mathd, PLC]) = ["0","1","length"]
04-09-2022 20:54:03.671362 | [Mathd, PLC].map(x => Reflect.ownKeys(x)) = [["sin","cos","tan","asin","acos","atan"],["convertTime"]]
04-09-2022 21:06:33.473067 | JSON.stringify([].map(x => Reflect.ownKeys(x)));  = "[]"
04-09-2022 21:39:34.594459 | JSON.stringify([].map(x => Reflect.ownKeys(x)));  = "[]"
14-09-2022 14:57:19.993318 | 111221/1211 = 91.84227910817506
14-09-2022 14:59:19.206515 | 1^1 = 0
14-09-2022 14:59:25.599642 | Math.pow(1,1) = 1
14-09-2022 14:59:30.035448 | Math.pow(1,11) = 1
14-09-2022 14:59:32.926341 | Math.pow(11,1) = 11
14-09-2022 14:59:43.917619 | Math.pow(21,11) = 350277500542221
14-09-2022 14:59:50.238812 | 21*11 = 231
18-09-2022 11:33:57.053026 | 6+3 = 9
18-09-2022 11:35:13.898526 | [6,3,4].sum() = 13
18-09-2022 11:36:56.847679 | "als ik hier een hele lange tekst heb dan blabla".stupify() = "aLs Ik HiEr EeN hElE lAnGe TeKsT hEb DaN bLaBlA"
18-09-2022 11:38:57.178803 | "als ik hier een hele lange tekst heb dan blabla".stupify() = "aLs iK hiEr eEn hEle LanGe tEksT heB daN blAblA"
18-09-2022 11:39:12.715669 | "als ik hier een hele lange tekst heb dan blabla".stupify() = "aLs Ik HiEr EeN hElE lAnGe TeKsT hEb DaN bLaBlA"
18-09-2022 11:39:17.426012 | "als ik hier een hele lange tekst heb dan blabla".stupify() = "als ik hier een hele lange tekst heb dan blabla"
18-09-2022 11:39:23.376701 | "als ik hier een hele lange tekst heb dan blabla".stupify() = "aLs Ik HiEr EeN hElE lAnGe TeKsT hEb DaN bLaBlA"
18-09-2022 11:41:43.036490 | ScrambleWords() = "als ik hier een hele lngae tkset heb dan blblaa"
18-09-2022 11:41:50.959879 | ScrambleWords() = "als ik hier een hele lgane teskt heb dan blblaa"
18-09-2022 11:41:51.417131 | ScrambleWords() = "als ik heir een hele lagne tsket heb dan blbala"
18-09-2022 11:41:51.733725 | ScrambleWords() = "als ik hier een hlee lange tekst heb dan bllbaa"
18-09-2022 11:41:52.053894 | ScrambleWords() = "als ik hier een hele lgane tsekt heb dan blabla"
18-09-2022 11:41:52.293000 | ScrambleWords() = "als ik heir een hlee lgnae tkest heb dan bablla"
18-09-2022 11:41:52.477738 | ScrambleWords() = "als ik heir een hlee lagne tsket heb dan bblala"
18-09-2022 11:41:52.678858 | ScrambleWords() = "als ik heir een hlee lagne teskt heb dan ballba"
18-09-2022 11:41:52.897482 | ScrambleWords() = "als ik hier een hlee lagne tsekt heb dan bllaba"
18-09-2022 11:41:53.096708 | ScrambleWords() = "als ik hier een hlee lnage teskt heb dan bballa"
18-09-2022 11:41:53.286635 | ScrambleWords() = "als ik hier een hele lnage teskt heb dan bbllaa"
18-09-2022 11:41:53.507524 | ScrambleWords() = "als ik hier een hlee lagne tsket heb dan blabla"
18-09-2022 11:41:53.725263 | ScrambleWords() = "als ik heir een hele lgane tsket heb dan balbla"
23-09-2022 11:06:31.350770 | 15*38*4 = 2280
23-09-2022 11:06:37.016697 | 50*38*4 = 7600
23-09-2022 11:06:41.728471 | 40*38*4 = 6080
23-09-2022 11:06:44.136921 | 20*38*4 = 3040
23-09-2022 11:06:47.404640 | 25*38*4 = 3800
26-09-2022 14:24:29.640789 | 1920/2 = 960
27-09-2022 15:32:44.033062 | 31.39 - 8.59 = 22.8
27-09-2022 15:33:44.181452 | (31.39 - 8.59) + "  " + (10.39+2.5+7.95+2.5) = "22.8  23.34"
27-09-2022 15:35:22.872771 | (31.39 - 8.59) + "  " + (10.39+2.5+7.95+2.5 + 7.59+1) = "22.8  31.93"
27-09-2022 15:35:44.517379 | (31.39 - 8.59) + "  " + (10.39+2.5+7.95+2.5) = "22.8  23.34"
27-09-2022 15:36:43.046704 | (31.39 - 8.59) + "  " + (10.39+2.5+7.95+2.5) = "22.8  23.34"
27-09-2022 15:36:55.483739 | (31.39 - 8.59) + " | " + (10.39+2.5+7.95+2.5) = "22.8 | 23.34"
27-09-2022 15:37:04.770948 | [(31.39 - 8.59) , (10.39+2.5+7.95+2.5)] = [22.8,23.34]
29-09-2022 11:02:26.354812 | 7*128 = 896
29-09-2022 11:06:37.158708 | LoadExtraButtons() = null
29-09-2022 11:20:03.701942 | LoadExtraButtons() = null
29-09-2022 11:20:08.845912 | LoadExtraButtons() = null
29-09-2022 11:20:25.403022 | LoadExtraButtons() = null
29-09-2022 11:20:47.740678 | LoadExtraButtons() = null
29-09-2022 11:21:01.627599 | LoadExtraButtons() = null
29-09-2022 11:21:18.240154 | LoadExtraButtons() = null
29-09-2022 11:21:41.430669 | LoadExtraButtons() = null
29-09-2022 11:22:10.594170 | LoadExtraButtons() = null
29-09-2022 11:22:12.123433 | LoadExtraButtons() = null
29-09-2022 11:22:18.220571 | 0 = 0
29-09-2022 11:22:32.472716 | [90+3,50+8] = [93,58]
03-10-2022 10:46:22.944230 | Math.PI = 3.141592653589793
03-10-2022 10:46:35.183986 | Math.PI*100 = 314.1592653589793
03-10-2022 10:46:37.979236 | Math.PI*1000000 = 3141592.653589793
03-10-2022 10:46:39.067704 | Math.PI*10000000000 = 31415926535.89793
03-10-2022 10:46:40.066801 | Math.PI*100000000000000 = 314159265358979.3
03-10-2022 10:46:41.713431 | Math.PI*100000000000000000 = 314159265358979328
03-10-2022 10:46:43.178822 | Math.PI*1000000000000000000000 = 3.141592653589793e+21
03-10-2022 10:46:45.114303 | Math.PI*10000000000000000000 = 31415926535897930000
03-10-2022 10:46:46.330118 | Math.PI*1000000000000000000 = 3141592653589793280
03-10-2022 10:46:47.366356 | Math.PI*100000000000000000 = 314159265358979328
03-10-2022 14:47:18.425754 | (128).toString(16) = "80"
04-10-2022 11:15:18.557687 | Lasal() = "svrDispenseOpenDelay"
04-10-2022 11:15:55.829988 | Lasal() = "svrDispenseOpenDelay"
04-10-2022 11:16:01.914986 | Lasal() = "DispenseOpenDelay"
04-10-2022 11:16:40.773466 | Lasal() = "place(/[ A- Z]/g, ' $&').trim()"
04-10-2022 11:16:56.686098 | Lasal() = "Dispense Open Delay"
04-10-2022 11:17:32.991780 | Lasal() = "Dispense Open Delay"
04-10-2022 11:18:34.708187 | Lasal() = "Dispense Belt Stop Delay"
04-10-2022 11:18:54.006551 | Lasal() = "pense  Belt  Stop  Delay"
04-10-2022 11:19:29.309277 | Lasal() = "dispense open duration"
04-10-2022 11:20:04.685245 | Lasal() = undefined
04-10-2022 11:21:49.245002 | Lasal() = undefined
04-10-2022 11:21:55.854201 | Lasal() = "D"
04-10-2022 11:22:06.937130 | Lasal() = undefined
04-10-2022 11:22:14.123291 | Lasal() = undefined
04-10-2022 11:22:16.276067 | Lasal() = "D"
04-10-2022 11:22:17.130407 | Lasal() = "D"
04-10-2022 11:22:38.602194 | Lasal() = "Dispense open duration"
04-10-2022 11:22:49.089096 | Lasal() = "Dispense open duration"
04-10-2022 11:23:14.050309 | Lasal() = "dispense open duration"
04-10-2022 11:23:14.967032 | Lasal() = "dispense open duration"
04-10-2022 11:23:20.622048 | Lasal() = "dispense open duration"
04-10-2022 11:23:21.795206 | Lasal() = "dispense open duration"
04-10-2022 11:23:31.187937 | Lasal() = "Dispense open duration"
04-10-2022 11:23:32.167342 | Lasal() = "Dispense open duration"
04-10-2022 11:23:32.943523 | Lasal() = "Dispense open duration"
04-10-2022 11:23:37.809266 | Lasal() = "Dispense open duration"
04-10-2022 11:25:48.674703 | Lasal() = "Dispense open duration"
04-10-2022 11:26:01.270129 | Lasal() = "Dispense stay open duration"
04-10-2022 11:34:08.443462 | Lasal() = "Dispense timeout"
04-10-2022 11:35:43.880913 | Lasal() = "Dispense supply delay"
04-10-2022 11:37:10.509500 | Lasal() = "To end of belt duration"
04-10-2022 11:37:26.100376 | Lasal() = "Transfer minimum duration"
04-10-2022 11:41:11.451548 | Lasal() = "Transfer maximum duration"
04-10-2022 11:41:27.118839 | Lasal() = "To end of belt stop delay"
04-10-2022 11:41:46.707254 | Lasal() = "Buffer belt start delay"
04-10-2022 11:45:22.683273 | Lasal() = "Buffer belt empty belt timeout"
04-10-2022 11:45:35.483616 | Lasal() = "Buffer belt step duration"
04-10-2022 17:12:17.042569 | 0.616+0.018 = 0.634
04-10-2022 17:12:28.191535 | 0.616+0.18 = 0.796
05-10-2022 10:44:02.785723 | 596 / 2 = 298
05-10-2022 10:44:11.081208 | 842 / 2 = 421
05-10-2022 16:05:37.960939 | 634-654 = -20
18-10-2022 09:16:50.518153 | 230/1500 = 0.15333333333333332
18-10-2022 09:16:57.573267 | 1500/230 = 6.521739130434782
21-10-2022 10:59:16.195839 | 5233.13+4.7-6.65+7.25-3680.54 = 1557.8900000000003
27-10-2022 12:22:30.557950 | 550-31 = 519
27-10-2022 12:23:05.683357 | [550-31,700-21] = [519,679]
27-10-2022 12:32:09.403349 | [550-31,700-21,,,] = [519,679,null,null]
27-10-2022 12:35:03.932045 | [550-31,700-21,,,50/336*330] = [519,679,null,null,49.107142857142854]
27-10-2022 12:37:40.455953 | [550-31,700-21,,,50/336*330,,,359.6-397.1] = [519,679,null,null,49.107142857142854,null,null,-37.5]
27-10-2022 12:38:24.535929 | [550-31,700-21,,,50/336*330,,,359.6-397.1, ,,,319.9-356.0] = [519,679,null,null,49.107142857142854,null,null,-37.5,null,null,null,-36.10000000000002]
27-10-2022 12:38:50.781606 | [550-31,700-21,,,50/336*330,,,359.6-397.1, ,,,319.9-356.0,,,10.0/(359.6-397.1)*(319.9-356.0)] = [519,679,null,null,49.107142857142854,null,null,-37.5,null,null,null,-36.10000000000002,null,null,9.626666666666672]
27-10-2022 12:38:58.384611 | [550-31,700-21,,,50/336*330,,,359.6-397.1, ,,,319.9-356.0,,,10.0/(319.9-356.0)*(359.6-397.1)] = [519,679,null,null,49.107142857142854,null,null,-37.5,null,null,null,-36.10000000000002,null,null,10.387811634349024]
27-10-2022 13:18:02.692587 | [550-31,700-21,,,50/336*330,,,359.6-397.1, ,,,319.9-356.0,,,10.0/(319.9-356.0)*(359.6-396.9)] = [519,679,null,null,49.107142857142854,null,null,-37.5,null,null,null,-36.10000000000002,null,null,10.332409972299152]
27-10-2022 13:18:16.718287 | [550-31,700-21,,,50/336*330,,,359.6-397.1, ,,,319.9-356.0,,,10.0/(319.9-356.0)*(359.8-396.9)] = [519,679,null,null,49.107142857142854,null,null,-37.5,null,null,null,-36.10000000000002,null,null,10.277008310249293]
27-10-2022 14:01:41.453614 | [550-30.1,700-19.9] = [519.9,680.1]
27-10-2022 14:55:14.293168 | [350-14.2,300-47.7] = [335.8,252.3]
